<?xml version="1.0" encoding="UTF-8"?>
<testng-results ignored="0" total="1" passed="1" failed="0" skipped="0">
  <reporter-output>
  </reporter-output>
  <suite started-at="2024-04-02T15:18:35 IST" name="Surefire suite" finished-at="2024-04-02T15:19:08 IST" duration-ms="33099">
    <groups>
    </groups>
    <test started-at="2024-04-02T15:18:35 IST" name="Surefire test" finished-at="2024-04-02T15:19:08 IST" duration-ms="33099">
      <class name="testCases.AccountRegistrationTest">
        <test-method is-config="true" signature="setUp()[pri:0, instance:testCases.AccountRegistrationTest@662b4c69]" started-at="2024-04-02T15:18:35 IST" name="setUp" finished-at="2024-04-02T15:18:43 IST" duration-ms="7304" status="PASS">
          <reporter-output>
          </reporter-output>
        </test-method> <!-- setUp -->
        <test-method signature="Test_Account_Registration()[pri:0, instance:testCases.AccountRegistrationTest@662b4c69]" started-at="2024-04-02T15:18:43 IST" name="Test_Account_Registration" finished-at="2024-04-02T15:19:08 IST" duration-ms="25722" status="PASS">
          <reporter-output>
          </reporter-output>
        </test-method> <!-- Test_Account_Registration -->
      </class> <!-- testCases.AccountRegistrationTest -->
    </test> <!-- Surefire test -->
  </suite> <!-- Surefire suite -->
</testng-results>
