<?xml version="1.0" encoding="UTF-8"?>
<testng-results ignored="0" total="1" passed="1" failed="0" skipped="0">
  <reporter-output>
  </reporter-output>
  <suite started-at="2024-04-02T12:58:04 IST" name="Suite" finished-at="2024-04-02T12:58:16 IST" duration-ms="12458">
    <groups>
    </groups>
    <test started-at="2024-04-02T12:58:04 IST" name="Test" finished-at="2024-04-02T12:58:16 IST" duration-ms="12458">
      <class name="testCases.TC_02_Login">
        <test-method is-config="true" signature="setUp()[pri:0, instance:testCases.TC_02_Login@4b29d1d2]" started-at="2024-04-02T12:58:04 IST" name="setUp" finished-at="2024-04-02T12:58:09 IST" duration-ms="5397" status="PASS">
          <reporter-output>
          </reporter-output>
        </test-method> <!-- setUp -->
        <test-method signature="testLogin()[pri:0, instance:testCases.TC_02_Login@4b29d1d2]" started-at="2024-04-02T12:58:09 IST" name="testLogin" finished-at="2024-04-02T12:58:16 IST" duration-ms="6998" status="PASS">
          <reporter-output>
          </reporter-output>
        </test-method> <!-- testLogin -->
      </class> <!-- testCases.TC_02_Login -->
    </test> <!-- Test -->
  </suite> <!-- Suite -->
</testng-results>
